<?xml version="1.0" encoding="UTF-8"?>
<!-- Generated by org.testng.reporters.JUnitXMLReporter -->
<testsuite hostname="WKWIN7143863" name="Default test" tests="6" failures="0" timestamp="22 Mar 2020 16:56:57 GMT" time="5.551" errors="0">
  <testcase name="myFirstTest" time="2.876" classname="crudMethods.Demo"/>
  <testcase name="mySecondTest" time="0.519" classname="crudMethods.Demo"/>
  <testcase name="myThirdTest" time="0.662" classname="crudMethods.Demo"/>
  <testcase name="myFourthTest" time="0.442" classname="crudMethods.Demo"/>
  <testcase name="myFifthTest" time="0.293" classname="crudMethods.Demo"/>
  <testcase name="mySixthTest" time="0.72" classname="crudMethods.Demo"/>
</testsuite> <!-- Default test -->
